{
  "stats": {
    "suites": 4,
    "tests": 8,
    "passes": 8,
    "pending": 0,
    "failures": 0,
    "start": "2021-05-06T11:44:46.480Z",
    "end": "2021-05-06T11:45:28.700Z",
    "duration": 29537,
    "testsRegistered": 8,
    "passPercent": 100,
    "pendingPercent": 0,
    "other": 0,
    "hasOther": false,
    "skipped": 0,
    "hasSkipped": false
  },
  "results": [
    {
      "uuid": "4c0fc021-a49e-425c-9c4a-9eb69fb4d358",
      "title": "",
      "fullFile": "cypress\\integration\\money_gocompare\\error-message-VRN-wrongTest.js",
      "file": "cypress\\integration\\money_gocompare\\error-message-VRN-wrongTest.js",
      "beforeHooks": [],
      "afterHooks": [],
      "tests": [],
      "suites": [
        {
          "uuid": "7fc8dd71-1bf6-4b00-88ba-e6ea82a75cd9",
          "title": "Verifying user should receive the error message When entering incorrect VRN",
          "fullFile": "",
          "file": "",
          "beforeHooks": [],
          "afterHooks": [],
          "tests": [
            {
              "title": "Verifying incorrect VRN",
              "fullTitle": "Verifying user should receive the error message When entering incorrect VRN Verifying incorrect VRN",
              "timedOut": null,
              "duration": 3724,
              "state": "passed",
              "speed": "slow",
              "pass": true,
              "fail": false,
              "pending": false,
              "context": null,
              "code": "cy.visit(\"https://money.gocompare.com/vehiclefinance#/car-details\");\ncy.get('#car-registration-search').type(Cypress.env(\"invalid_VRN\"));\ncy.get('.c-button > span').click();\ncy.get('.c-alert').should('contain', 'We are sorry but no vehicles could be found.');",
              "err": {},
              "uuid": "d81f370c-b2a0-4020-8108-933eb51eb302",
              "parentUUID": "7fc8dd71-1bf6-4b00-88ba-e6ea82a75cd9",
              "isHook": false,
              "skipped": false
            }
          ],
          "suites": [],
          "passes": [
            "d81f370c-b2a0-4020-8108-933eb51eb302"
          ],
          "failures": [],
          "pending": [],
          "skipped": [],
          "duration": 3724,
          "root": false,
          "rootEmpty": false,
          "_timeout": 2000
        }
      ],
      "passes": [],
      "failures": [],
      "pending": [],
      "skipped": [],
      "duration": 0,
      "root": true,
      "rootEmpty": true,
      "_timeout": 2000
    },
    {
      "uuid": "2ca2c093-82de-4cff-91c2-742677d0a1d1",
      "title": "",
      "fullFile": "cypress\\integration\\money_gocompare\\money-gocompareE2ETest.js",
      "file": "cypress\\integration\\money_gocompare\\money-gocompareE2ETest.js",
      "beforeHooks": [],
      "afterHooks": [],
      "tests": [],
      "suites": [
        {
          "uuid": "0aaa68af-13d2-420f-84ab-8e87071ed9b7",
          "title": "Money-GoCompareE2E Test",
          "fullFile": "",
          "file": "",
          "beforeHooks": [],
          "afterHooks": [],
          "tests": [
            {
              "title": "Should Navigate to car details page too fill the form",
              "fullTitle": "Money-GoCompareE2E Test Should Navigate to car details page too fill the form",
              "timedOut": null,
              "duration": 5214,
              "state": "passed",
              "speed": "slow",
              "pass": true,
              "fail": false,
              "pending": false,
              "context": null,
              "code": "cardetails_PO.carDetailsPage(); // cardetails_PO.carDetailsPage1(data.VRN, data.advertised_price, data.deposit, data.current_mileage,\n//data.expected_annual_mileage, data.loan_duration);",
              "err": {},
              "uuid": "9c478a31-d065-473c-87cc-bfae77e1f746",
              "parentUUID": "0aaa68af-13d2-420f-84ab-8e87071ed9b7",
              "isHook": false,
              "skipped": false
            },
            {
              "title": "Should navigate to About you Page to fill the form",
              "fullTitle": "Money-GoCompareE2E Test Should navigate to About you Page to fill the form",
              "timedOut": null,
              "duration": 3106,
              "state": "passed",
              "speed": "slow",
              "pass": true,
              "fail": false,
              "pending": false,
              "context": null,
              "code": "aboutyou_PO.aboutYouPage();",
              "err": {},
              "uuid": "7aef22e2-4de9-45c3-a7c3-31a8cad54a2b",
              "parentUUID": "0aaa68af-13d2-420f-84ab-8e87071ed9b7",
              "isHook": false,
              "skipped": false
            },
            {
              "title": "Should navigate to Your Finance Page to fill the form",
              "fullTitle": "Money-GoCompareE2E Test Should navigate to Your Finance Page to fill the form",
              "timedOut": null,
              "duration": 7394,
              "state": "passed",
              "speed": "slow",
              "pass": true,
              "fail": false,
              "pending": false,
              "context": null,
              "code": "yourfinance_PO.yourFinancePage();",
              "err": {},
              "uuid": "19fb787d-6686-4219-ac93-a5883374d8fe",
              "parentUUID": "0aaa68af-13d2-420f-84ab-8e87071ed9b7",
              "isHook": false,
              "skipped": false
            },
            {
              "title": "Should navigate to Your Finance Page to fill the form",
              "fullTitle": "Money-GoCompareE2E Test Should navigate to Your Finance Page to fill the form",
              "timedOut": null,
              "duration": 40,
              "state": "passed",
              "speed": "medium",
              "pass": true,
              "fail": false,
              "pending": false,
              "context": null,
              "code": "cy.get('.c-page-header__mobile-step-indicator__title').should('contain', ' Your results ');",
              "err": {},
              "uuid": "9ef6e370-48d8-433f-9369-91c8e579e5df",
              "parentUUID": "0aaa68af-13d2-420f-84ab-8e87071ed9b7",
              "isHook": false,
              "skipped": false
            }
          ],
          "suites": [],
          "passes": [
            "9c478a31-d065-473c-87cc-bfae77e1f746",
            "7aef22e2-4de9-45c3-a7c3-31a8cad54a2b",
            "19fb787d-6686-4219-ac93-a5883374d8fe",
            "9ef6e370-48d8-433f-9369-91c8e579e5df"
          ],
          "failures": [],
          "pending": [],
          "skipped": [],
          "duration": 15754,
          "root": false,
          "rootEmpty": false,
          "_timeout": 2000
        }
      ],
      "passes": [],
      "failures": [],
      "pending": [],
      "skipped": [],
      "duration": 0,
      "root": true,
      "rootEmpty": true,
      "_timeout": 2000
    },
    {
      "uuid": "0ce97c5b-55fb-4fdf-a732-670969591595",
      "title": "",
      "fullFile": "cypress\\integration\\money_gocompare\\open-URL-money-gocompareTest.js",
      "file": "cypress\\integration\\money_gocompare\\open-URL-money-gocompareTest.js",
      "beforeHooks": [],
      "afterHooks": [],
      "tests": [],
      "suites": [
        {
          "uuid": "0f2491b1-23f4-4c06-a23b-4255fcde8f0e",
          "title": "Open GoCompare URL",
          "fullFile": "",
          "file": "",
          "beforeHooks": [],
          "afterHooks": [],
          "tests": [
            {
              "title": "Should open when click on URL",
              "fullTitle": "Open GoCompare URL Should open when click on URL",
              "timedOut": null,
              "duration": 2088,
              "state": "passed",
              "speed": "slow",
              "pass": true,
              "fail": false,
              "pending": false,
              "context": null,
              "code": "cy.visit(\"https://money.gocompare.com/vehiclefinance#/car-details\");\ncy.title('c-page-header__bar__heading > a').should('contain', 'Go Compare Money | Car Finance');",
              "err": {},
              "uuid": "5f4d377c-14bb-41b4-914f-1a12fa44e561",
              "parentUUID": "0f2491b1-23f4-4c06-a23b-4255fcde8f0e",
              "isHook": false,
              "skipped": false
            }
          ],
          "suites": [],
          "passes": [
            "5f4d377c-14bb-41b4-914f-1a12fa44e561"
          ],
          "failures": [],
          "pending": [],
          "skipped": [],
          "duration": 2088,
          "root": false,
          "rootEmpty": false,
          "_timeout": 2000
        }
      ],
      "passes": [],
      "failures": [],
      "pending": [],
      "skipped": [],
      "duration": 0,
      "root": true,
      "rootEmpty": true,
      "_timeout": 2000
    },
    {
      "uuid": "e9a23f29-60f0-4d25-a153-88cad90f80ed",
      "title": "",
      "fullFile": "cypress\\integration\\money_gocompare\\clickon-terms&condations-verify-page-titleTest.js",
      "file": "cypress\\integration\\money_gocompare\\clickon-terms&condations-verify-page-titleTest.js",
      "beforeHooks": [],
      "afterHooks": [],
      "tests": [],
      "suites": [
        {
          "uuid": "b877ff96-8e8d-4611-adb6-75fc5d2c756d",
          "title": "Click on Terms & condition link in the website footer & verify the page title",
          "fullFile": "",
          "file": "",
          "beforeHooks": [],
          "afterHooks": [],
          "tests": [
            {
              "title": "Click on the footer Terms & Condation link",
              "fullTitle": "Click on Terms & condition link in the website footer & verify the page title Click on the footer Terms & Condation link",
              "timedOut": null,
              "duration": 3191,
              "state": "passed",
              "speed": "slow",
              "pass": true,
              "fail": false,
              "pending": false,
              "context": null,
              "code": "cy.visit(\"https://money.gocompare.com/vehiclefinance#/car-details\");\ncy.contains('Terms and conditions');\nvar test = cy.contains('a', 'Terms and conditions').invoke('removeAttr', 'target').click({\n  force: true\n});\ncy.assert(test, 'its OK');",
              "err": {},
              "uuid": "a64708eb-1531-45e4-8462-477fa6ba7341",
              "parentUUID": "b877ff96-8e8d-4611-adb6-75fc5d2c756d",
              "isHook": false,
              "skipped": false
            },
            {
              "title": "Click on the footer Terms & Condation link",
              "fullTitle": "Click on Terms & condition link in the website footer & verify the page title Click on the footer Terms & Condation link",
              "timedOut": null,
              "duration": 4780,
              "state": "passed",
              "speed": "slow",
              "pass": true,
              "fail": false,
              "pending": false,
              "context": null,
              "code": "cy.visit(\"https://www.gocompare.com/about/terms/?contentonly=true\");\ncy.get('.hero__heading').should('contain', 'Terms and conditions');",
              "err": {},
              "uuid": "a573ccb3-2306-4852-aef4-2e2b64d2ded0",
              "parentUUID": "b877ff96-8e8d-4611-adb6-75fc5d2c756d",
              "isHook": false,
              "skipped": false
            }
          ],
          "suites": [],
          "passes": [
            "a64708eb-1531-45e4-8462-477fa6ba7341",
            "a573ccb3-2306-4852-aef4-2e2b64d2ded0"
          ],
          "failures": [],
          "pending": [],
          "skipped": [],
          "duration": 7971,
          "root": false,
          "rootEmpty": false,
          "_timeout": 2000
        }
      ],
      "passes": [],
      "failures": [],
      "pending": [],
      "skipped": [],
      "duration": 0,
      "root": true,
      "rootEmpty": true,
      "_timeout": 2000
    }
  ],
  "meta": {
    "mocha": {
      "version": "7.0.1"
    },
    "mochawesome": {
      "options": {
        "quiet": false,
        "reportFilename": "mochawesome",
        "saveHtml": false,
        "saveJson": true,
        "consoleReporter": "spec",
        "useInlineDiffs": false,
        "code": true
      },
      "version": "6.2.2"
    },
    "marge": {
      "options": {
        "id": "default",
        "reportDir": "cypress/results/mochawesome",
        "quite": true,
        "overwrite": false,
        "html": false,
        "json": true
      },
      "version": "5.2.0"
    }
  }
}